
    <!DOCTYPE html>
    <html lang="en">
    <head>
        <meta charset="UTF-8">
        <meta name="viewport" content="width=device-width, initial-scale=1.0">
        <title>Test Results</title>
        <link href="https://cdnjs.cloudflare.com/ajax/libs/prism/1.23.0/themes/prism-okaidia.min.css" rel="stylesheet" />
        <style>
            body {
                font-family: 'Segoe UI', Tahoma, Geneva, Verdana, sans-serif;
                margin: 20px;
            }
            table {
                border-collapse: collapse;
                width: 100%;
                box-shadow: 0 2px 3px rgba(0,0,0,0.1);
            }
            th, td {
                border: 1px solid #ddd;
                text-align: left;
                padding: 8px;
            }
            th {
                background-color: #f2f2f2;
            }
            tr:nth-child(even) {
                background-color: #f9f9f9;
            }
            .status-pass {
                color: green;
            }
            .status-fail {
                color: red;
            }
            pre {
                background-color: #282c34 !important;
                color: #ffffff !important;
                padding: 10px;
                border-radius: 5px;
                overflow-x: auto;
                white-space: pre-wrap;
                font-family: 'Courier New', Courier, monospace;
                font-size: 1.1em;  /* Slightly larger font size */
            }
        </style>
    </head>
    <body>
        <table>
            <tr>
                <th>Status</th>
                <th>Reason</th>
                <th>Exit Code</th>
                <th>Language</th>
                <th>Modified Test File</th>
                <th>Details</th>
            </tr>
            
            <tr>
                <td class="status-FAIL">FAIL</td>
                <td>Test failed</td>
                <td>1</td>
                <td>python</td>
                <td>
                    <details>
                        <summary>View Full Code</summary>
                        <pre><code><span class="diff-unchanged">  from round_robin import *</span>
<span class="diff-unchanged">  import pytest</span>
<span class="diff-unchanged">  </span>
<span class="diff-unchanged">  def test_initialization():</span>
<span class="diff-unchanged">      """</span>
<span class="diff-unchanged">      Empty test case, just for setup.</span>
<span class="diff-unchanged">      """</span>
<span class="diff-added">+ </span>
<span class="diff-added">+ def test_all_processes_finish_within_quantum():</span>
<span class="diff-added">+     assert calculate_waiting_times([2, 2, 2]) == [2, 4, 6]</span>
<span class="diff-added">+ </span>
<span class="diff-unchanged">      pass</span></code></pre>
                    </details>
                </td>
                <td>
                    <details>
                        <summary>View More</summary>
                        <div><strong>STDERR:</strong> <pre><code class="language-python"></code></pre></div>
                        <div><strong>STDOUT:</strong> <pre><code class="language-python">============================= test session starts =============================
platform win32 -- Python 3.10.16, pytest-7.4.4, pluggy-1.5.0
rootdir: C:\Users\kevin\Desktop\qodo-cover\round_robin
plugins: anyio-4.6.2, cov-6.0.0
collected 2 items

test_round_robin.py .F                                                   [100%]

================================== FAILURES ===================================
__________________ test_all_processes_finish_within_quantum ___________________

    def test_all_processes_finish_within_quantum():
>       assert calculate_waiting_times([2, 2, 2]) == [2, 4, 6]
E       assert [0, 2, 4] == [2, 4, 6]
E         At index 0 diff: 0 != 2
E         Use -v to get more diff

test_round_robin.py:10: AssertionError

---------- coverage: platform win32, python 3.10.16-final-0 ----------
Name                  Stmts   Miss  Cover
-----------------------------------------
round_robin.py           21      3    86%
test_round_robin.py       6      1    83%
-----------------------------------------
TOTAL                    27      4    85%
Coverage XML written to file coverage.xml

=========================== short test summary info ===========================
FAILED test_round_robin.py::test_all_processes_finish_within_quantum - assert...
========================= 1 failed, 1 passed in 0.10s =========================
</code></pre></div>
                        <div><strong>Test Code:</strong> <pre><code class="language-python">def test_all_processes_finish_within_quantum():
    assert calculate_waiting_times([2, 2, 2]) == [2, 4, 6]
</code></pre></div>
                        <div><strong>Imports:</strong> <pre><code class="language-python">""
</code></pre></div>
                    </details>
                </td>
            </tr>
            
            <tr>
                <td class="status-FAIL">FAIL</td>
                <td>Test failed</td>
                <td>1</td>
                <td>python</td>
                <td>
                    <details>
                        <summary>View Full Code</summary>
                        <pre><code><span class="diff-unchanged">  from round_robin import *</span>
<span class="diff-unchanged">  import pytest</span>
<span class="diff-unchanged">  </span>
<span class="diff-unchanged">  def test_initialization():</span>
<span class="diff-unchanged">      """</span>
<span class="diff-unchanged">      Empty test case, just for setup.</span>
<span class="diff-unchanged">      """</span>
<span class="diff-added">+ </span>
<span class="diff-added">+ def test_some_processes_finish_at_quantum():</span>
<span class="diff-added">+     assert calculate_waiting_times([3, 2, 2]) == [3, 4, 5]</span>
<span class="diff-added">+ </span>
<span class="diff-unchanged">      pass</span></code></pre>
                    </details>
                </td>
                <td>
                    <details>
                        <summary>View More</summary>
                        <div><strong>STDERR:</strong> <pre><code class="language-python"></code></pre></div>
                        <div><strong>STDOUT:</strong> <pre><code class="language-python">============================= test session starts =============================
platform win32 -- Python 3.10.16, pytest-7.4.4, pluggy-1.5.0
rootdir: C:\Users\kevin\Desktop\qodo-cover\round_robin
plugins: anyio-4.6.2, cov-6.0.0
collected 2 items

test_round_robin.py .F                                                   [100%]

================================== FAILURES ===================================
____________________ test_some_processes_finish_at_quantum ____________________

    def test_some_processes_finish_at_quantum():
>       assert calculate_waiting_times([3, 2, 2]) == [3, 4, 5]
E       assert [4, 2, 4] == [3, 4, 5]
E         At index 0 diff: 4 != 3
E         Use -v to get more diff

test_round_robin.py:10: AssertionError

---------- coverage: platform win32, python 3.10.16-final-0 ----------
Name                  Stmts   Miss  Cover
-----------------------------------------
round_robin.py           21      1    95%
test_round_robin.py       6      1    83%
-----------------------------------------
TOTAL                    27      2    93%
Coverage XML written to file coverage.xml

=========================== short test summary info ===========================
FAILED test_round_robin.py::test_some_processes_finish_at_quantum - assert [4...
========================= 1 failed, 1 passed in 0.10s =========================
</code></pre></div>
                        <div><strong>Test Code:</strong> <pre><code class="language-python">def test_some_processes_finish_at_quantum():
    assert calculate_waiting_times([3, 2, 2]) == [3, 4, 5]
</code></pre></div>
                        <div><strong>Imports:</strong> <pre><code class="language-python">""
</code></pre></div>
                    </details>
                </td>
            </tr>
            
            <tr>
                <td class="status-PASS">PASS</td>
                <td></td>
                <td>0</td>
                <td>python</td>
                <td>
                    <details>
                        <summary>View Full Code</summary>
                        <pre><code><span class="diff-unchanged">  from round_robin import *</span>
<span class="diff-unchanged">  import pytest</span>
<span class="diff-unchanged">  </span>
<span class="diff-unchanged">  def test_initialization():</span>
<span class="diff-unchanged">      """</span>
<span class="diff-unchanged">      Empty test case, just for setup.</span>
<span class="diff-unchanged">      """</span>
<span class="diff-added">+ </span>
<span class="diff-added">+ def test_calculate_turn_around_times():</span>
<span class="diff-added">+     assert calculate_turn_around_times([1, 2, 3], [0, 1, 3]) == [1, 3, 6]</span>
<span class="diff-added">+ </span>
<span class="diff-unchanged">      pass</span></code></pre>
                    </details>
                </td>
                <td>
                    <details>
                        <summary>View More</summary>
                        <div><strong>STDERR:</strong> <pre><code class="language-python"></code></pre></div>
                        <div><strong>STDOUT:</strong> <pre><code class="language-python">============================= test session starts =============================
platform win32 -- Python 3.10.16, pytest-7.4.4, pluggy-1.5.0
rootdir: C:\Users\kevin\Desktop\qodo-cover\round_robin
plugins: anyio-4.6.2, cov-6.0.0
collected 2 items

test_round_robin.py ..                                                   [100%]

---------- coverage: platform win32, python 3.10.16-final-0 ----------
Name                  Stmts   Miss  Cover
-----------------------------------------
round_robin.py           21     17    19%
test_round_robin.py       6      0   100%
-----------------------------------------
TOTAL                    27     17    37%
Coverage XML written to file coverage.xml


============================== 2 passed in 0.08s ==============================
</code></pre></div>
                        <div><strong>Test Code:</strong> <pre><code class="language-python">def test_calculate_turn_around_times():
    assert calculate_turn_around_times([1, 2, 3], [0, 1, 3]) == [1, 3, 6]
</code></pre></div>
                        <div><strong>Imports:</strong> <pre><code class="language-python">""
</code></pre></div>
                    </details>
                </td>
            </tr>
            
            <tr>
                <td class="status-PASS">PASS</td>
                <td></td>
                <td>0</td>
                <td>python</td>
                <td>
                    <details>
                        <summary>View Full Code</summary>
                        <pre><code><span class="diff-unchanged">  from round_robin import *</span>
<span class="diff-unchanged">  import pytest</span>
<span class="diff-unchanged">  </span>
<span class="diff-unchanged">  def test_initialization():</span>
<span class="diff-unchanged">      """</span>
<span class="diff-unchanged">      Empty test case, just for setup.</span>
<span class="diff-unchanged">      """</span>
<span class="diff-unchanged">  </span>
<span class="diff-added">+ def test_waiting_times_greater_than_burst_times():</span>
<span class="diff-added">+     assert calculate_turn_around_times([1, 2, 3], [5, 6, 7]) == [6, 8, 10]</span>
<span class="diff-added">+ </span>
<span class="diff-added">+ </span>
<span class="diff-unchanged">  def test_calculate_turn_around_times():</span>
<span class="diff-unchanged">      assert calculate_turn_around_times([1, 2, 3], [0, 1, 3]) == [1, 3, 6]</span>
<span class="diff-unchanged">  </span>
<span class="diff-unchanged">      pass</span></code></pre>
                    </details>
                </td>
                <td>
                    <details>
                        <summary>View More</summary>
                        <div><strong>STDERR:</strong> <pre><code class="language-python"></code></pre></div>
                        <div><strong>STDOUT:</strong> <pre><code class="language-python">============================= test session starts =============================
platform win32 -- Python 3.10.16, pytest-7.4.4, pluggy-1.5.0
rootdir: C:\Users\kevin\Desktop\qodo-cover\round_robin
plugins: anyio-4.6.2, cov-6.0.0
collected 3 items

test_round_robin.py ...                                                  [100%]

---------- coverage: platform win32, python 3.10.16-final-0 ----------
Name                  Stmts   Miss  Cover
-----------------------------------------
round_robin.py           21     17    19%
test_round_robin.py       8      0   100%
-----------------------------------------
TOTAL                    29     17    41%
Coverage XML written to file coverage.xml


============================== 3 passed in 0.08s ==============================
</code></pre></div>
                        <div><strong>Test Code:</strong> <pre><code class="language-python">def test_waiting_times_greater_than_burst_times():
    assert calculate_turn_around_times([1, 2, 3], [5, 6, 7]) == [6, 8, 10]
</code></pre></div>
                        <div><strong>Imports:</strong> <pre><code class="language-python">""
</code></pre></div>
                    </details>
                </td>
            </tr>
            
            <tr>
                <td class="status-PASS">PASS</td>
                <td></td>
                <td>0</td>
                <td>python</td>
                <td>
                    <details>
                        <summary>View Full Code</summary>
                        <pre><code><span class="diff-unchanged">  from round_robin import *</span>
<span class="diff-unchanged">  import pytest</span>
<span class="diff-unchanged">  </span>
<span class="diff-unchanged">  def test_initialization():</span>
<span class="diff-unchanged">      """</span>
<span class="diff-unchanged">      Empty test case, just for setup.</span>
<span class="diff-unchanged">      """</span>
<span class="diff-added">+ </span>
<span class="diff-added">+ def test_all_processes_finish_within_quantum():</span>
<span class="diff-added">+     assert calculate_waiting_times([2, 2, 2]) == [0, 2, 4]</span>
<span class="diff-added">+ </span>
<span class="diff-unchanged">  </span>
<span class="diff-unchanged">  def test_waiting_times_greater_than_burst_times():</span>
<span class="diff-unchanged">      assert calculate_turn_around_times([1, 2, 3], [5, 6, 7]) == [6, 8, 10]</span>
<span class="diff-unchanged">  </span>
<span class="diff-unchanged">  </span>
<span class="diff-unchanged">  def test_calculate_turn_around_times():</span>
<span class="diff-unchanged">      assert calculate_turn_around_times([1, 2, 3], [0, 1, 3]) == [1, 3, 6]</span>
<span class="diff-unchanged">  </span>
<span class="diff-unchanged">      pass</span></code></pre>
                    </details>
                </td>
                <td>
                    <details>
                        <summary>View More</summary>
                        <div><strong>STDERR:</strong> <pre><code class="language-python"></code></pre></div>
                        <div><strong>STDOUT:</strong> <pre><code class="language-python">============================= test session starts =============================
platform win32 -- Python 3.10.16, pytest-7.4.4, pluggy-1.5.0
rootdir: C:\Users\kevin\Desktop\qodo-cover\round_robin
plugins: anyio-4.6.2, cov-6.0.0
collected 4 items

test_round_robin.py ....                                                 [100%]

---------- coverage: platform win32, python 3.10.16-final-0 ----------
Name                  Stmts   Miss  Cover
-----------------------------------------
round_robin.py           21      2    90%
test_round_robin.py      10      0   100%
-----------------------------------------
TOTAL                    31      2    94%
Coverage XML written to file coverage.xml


============================== 4 passed in 0.10s ==============================
</code></pre></div>
                        <div><strong>Test Code:</strong> <pre><code class="language-python">def test_all_processes_finish_within_quantum():
    assert calculate_waiting_times([2, 2, 2]) == [0, 2, 4]
</code></pre></div>
                        <div><strong>Imports:</strong> <pre><code class="language-python">""
</code></pre></div>
                    </details>
                </td>
            </tr>
            
            <tr>
                <td class="status-PASS">PASS</td>
                <td></td>
                <td>0</td>
                <td>python</td>
                <td>
                    <details>
                        <summary>View Full Code</summary>
                        <pre><code><span class="diff-unchanged">  from round_robin import *</span>
<span class="diff-unchanged">  import pytest</span>
<span class="diff-unchanged">  </span>
<span class="diff-unchanged">  def test_initialization():</span>
<span class="diff-unchanged">      """</span>
<span class="diff-unchanged">      Empty test case, just for setup.</span>
<span class="diff-unchanged">      """</span>
<span class="diff-added">+ </span>
<span class="diff-added">+ def test_some_processes_finish_at_quantum():</span>
<span class="diff-added">+     assert calculate_waiting_times([3, 2, 2]) == [4, 2, 4]</span>
<span class="diff-added">+ </span>
<span class="diff-unchanged">  </span>
<span class="diff-unchanged">  def test_all_processes_finish_within_quantum():</span>
<span class="diff-unchanged">      assert calculate_waiting_times([2, 2, 2]) == [0, 2, 4]</span>
<span class="diff-unchanged">  </span>
<span class="diff-unchanged">  </span>
<span class="diff-unchanged">  def test_waiting_times_greater_than_burst_times():</span>
<span class="diff-unchanged">      assert calculate_turn_around_times([1, 2, 3], [5, 6, 7]) == [6, 8, 10]</span>
<span class="diff-unchanged">  </span>
<span class="diff-unchanged">  </span>
<span class="diff-unchanged">  def test_calculate_turn_around_times():</span>
<span class="diff-unchanged">      assert calculate_turn_around_times([1, 2, 3], [0, 1, 3]) == [1, 3, 6]</span>
<span class="diff-unchanged">  </span>
<span class="diff-unchanged">      pass</span></code></pre>
                    </details>
                </td>
                <td>
                    <details>
                        <summary>View More</summary>
                        <div><strong>STDERR:</strong> <pre><code class="language-python"></code></pre></div>
                        <div><strong>STDOUT:</strong> <pre><code class="language-python">============================= test session starts =============================
platform win32 -- Python 3.10.16, pytest-7.4.4, pluggy-1.5.0
rootdir: C:\Users\kevin\Desktop\qodo-cover\round_robin
plugins: anyio-4.6.2, cov-6.0.0
collected 5 items

test_round_robin.py .....                                                [100%]

---------- coverage: platform win32, python 3.10.16-final-0 ----------
Name                  Stmts   Miss  Cover
-----------------------------------------
round_robin.py           21      0   100%
test_round_robin.py      12      0   100%
-----------------------------------------
TOTAL                    33      0   100%
Coverage XML written to file coverage.xml


============================== 5 passed in 0.11s ==============================
</code></pre></div>
                        <div><strong>Test Code:</strong> <pre><code class="language-python">def test_some_processes_finish_at_quantum():
    assert calculate_waiting_times([3, 2, 2]) == [4, 2, 4]
</code></pre></div>
                        <div><strong>Imports:</strong> <pre><code class="language-python">""
</code></pre></div>
                    </details>
                </td>
            </tr>
            
        </table>
        <script src="https://cdnjs.cloudflare.com/ajax/libs/prism/1.23.0/prism.min.js"></script>
    </body>
    </html>
    